This is pdfTeX, Version 3.141592653-2.6-1.40.22 (TeX Live 2022/dev/Debian) (preloaded format=pdflatex 2024.3.15)  6 OCT 2025 12:18
entering extended mode
 restricted \write18 enabled.
 %&-line parsing enabled.
**information.tex
(./information.tex
LaTeX2e <2021-11-15> patch level 1
L3 programming layer <2022-01-21>
(/usr/share/texlive/texmf-dist/tex/latex/base/article.cls
Document Class: article 2021/10/04 v1.4n Standard LaTeX document class
(/usr/share/texlive/texmf-dist/tex/latex/base/size10.clo
File: size10.clo 2021/10/04 v1.4n Standard LaTeX file (size option)
)
\c@part=\count185
\c@section=\count186
\c@subsection=\count187
\c@subsubsection=\count188
\c@paragraph=\count189
\c@subparagraph=\count190
\c@figure=\count191
\c@table=\count192
\abovecaptionskip=\skip47
\belowcaptionskip=\skip48
\bibindent=\dimen138
)
(/usr/share/texlive/texmf-dist/tex/latex/amsmath/amsmath.sty
Package: amsmath 2021/10/15 v2.17l AMS math features
\@mathmargin=\skip49

For additional information on amsmath, use the `?' option.
(/usr/share/texlive/texmf-dist/tex/latex/amsmath/amstext.sty
Package: amstext 2021/08/26 v2.01 AMS text

(/usr/share/texlive/texmf-dist/tex/latex/amsmath/amsgen.sty
File: amsgen.sty 1999/11/30 v2.0 generic functions
\@emptytoks=\toks16
\ex@=\dimen139
))
(/usr/share/texlive/texmf-dist/tex/latex/amsmath/amsbsy.sty
Package: amsbsy 1999/11/29 v1.2d Bold Symbols
\pmbraise@=\dimen140
)
(/usr/share/texlive/texmf-dist/tex/latex/amsmath/amsopn.sty
Package: amsopn 2021/08/26 v2.02 operator names
)
\inf@bad=\count193
LaTeX Info: Redefining \frac on input line 234.
\uproot@=\count194
\leftroot@=\count195
LaTeX Info: Redefining \overline on input line 399.
\classnum@=\count196
\DOTSCASE@=\count197
LaTeX Info: Redefining \ldots on input line 496.
LaTeX Info: Redefining \dots on input line 499.
LaTeX Info: Redefining \cdots on input line 620.
\Mathstrutbox@=\box50
\strutbox@=\box51
\big@size=\dimen141
LaTeX Font Info:    Redeclaring font encoding OML on input line 743.
LaTeX Font Info:    Redeclaring font encoding OMS on input line 744.
\macc@depth=\count198
\c@MaxMatrixCols=\count199
\dotsspace@=\muskip16
\c@parentequation=\count266
\dspbrk@lvl=\count267
\tag@help=\toks17
\row@=\count268
\column@=\count269
\maxfields@=\count270
\andhelp@=\toks18
\eqnshift@=\dimen142
\alignsep@=\dimen143
\tagshift@=\dimen144
\tagwidth@=\dimen145
\totwidth@=\dimen146
\lineht@=\dimen147
\@envbody=\toks19
\multlinegap=\skip50
\multlinetaggap=\skip51
\mathdisplay@stack=\toks20
LaTeX Info: Redefining \[ on input line 2938.
LaTeX Info: Redefining \] on input line 2939.
)
(/usr/share/texlive/texmf-dist/tex/latex/amsfonts/amssymb.sty
Package: amssymb 2013/01/14 v3.01 AMS font symbols

(/usr/share/texlive/texmf-dist/tex/latex/amsfonts/amsfonts.sty
Package: amsfonts 2013/01/14 v3.01 Basic AMSFonts support
\symAMSa=\mathgroup4
\symAMSb=\mathgroup5
LaTeX Font Info:    Redeclaring math symbol \hbar on input line 98.
LaTeX Font Info:    Overwriting math alphabet `\mathfrak' in version `bold'
(Font)                  U/euf/m/n --> U/euf/b/n on input line 106.
))
(/usr/share/texlive/texmf-dist/tex/latex/geometry/geometry.sty
Package: geometry 2020/01/02 v5.9 Page Geometry

(/usr/share/texlive/texmf-dist/tex/latex/graphics/keyval.sty
Package: keyval 2014/10/28 v1.15 key=value parser (DPC)
\KV@toks@=\toks21
)
(/usr/share/texlive/texmf-dist/tex/generic/iftex/ifvtex.sty
Package: ifvtex 2019/10/25 v1.7 ifvtex legacy package. Use iftex instead.

(/usr/share/texlive/texmf-dist/tex/generic/iftex/iftex.sty
Package: iftex 2020/03/06 v1.0d TeX engine tests
))
\Gm@cnth=\count271
\Gm@cntv=\count272
\c@Gm@tempcnt=\count273
\Gm@bindingoffset=\dimen148
\Gm@wd@mp=\dimen149
\Gm@odd@mp=\dimen150
\Gm@even@mp=\dimen151
\Gm@layoutwidth=\dimen152
\Gm@layoutheight=\dimen153
\Gm@layouthoffset=\dimen154
\Gm@layoutvoffset=\dimen155
\Gm@dimlist=\toks22
)
(/usr/share/texlive/texmf-dist/tex/latex/booktabs/booktabs.sty
Package: booktabs 2020/01/12 v1.61803398 Publication quality tables
\heavyrulewidth=\dimen156
\lightrulewidth=\dimen157
\cmidrulewidth=\dimen158
\belowrulesep=\dimen159
\belowbottomsep=\dimen160
\aboverulesep=\dimen161
\abovetopsep=\dimen162
\cmidrulesep=\dimen163
\cmidrulekern=\dimen164
\defaultaddspace=\dimen165
\@cmidla=\count274
\@cmidlb=\count275
\@aboverulesep=\dimen166
\@belowrulesep=\dimen167
\@thisruleclass=\count276
\@lastruleclass=\count277
\@thisrulewidth=\dimen168
)
(/usr/share/texlive/texmf-dist/tex/latex/l3backend/l3backend-pdftex.def
File: l3backend-pdftex.def 2022-01-12 L3 backend support: PDF output (pdfTeX)
\l__color_backend_stack_int=\count278
\l__pdf_internal_box=\box52
)
(./information.aux)
\openout1 = `information.aux'.

LaTeX Font Info:    Checking defaults for OML/cmm/m/it on input line 12.
LaTeX Font Info:    ... okay on input line 12.
LaTeX Font Info:    Checking defaults for OMS/cmsy/m/n on input line 12.
LaTeX Font Info:    ... okay on input line 12.
LaTeX Font Info:    Checking defaults for OT1/cmr/m/n on input line 12.
LaTeX Font Info:    ... okay on input line 12.
LaTeX Font Info:    Checking defaults for T1/cmr/m/n on input line 12.
LaTeX Font Info:    ... okay on input line 12.
LaTeX Font Info:    Checking defaults for TS1/cmr/m/n on input line 12.
LaTeX Font Info:    ... okay on input line 12.
LaTeX Font Info:    Checking defaults for OMX/cmex/m/n on input line 12.
LaTeX Font Info:    ... okay on input line 12.
LaTeX Font Info:    Checking defaults for U/cmr/m/n on input line 12.
LaTeX Font Info:    ... okay on input line 12.

*geometry* driver: auto-detecting
*geometry* detected driver: pdftex
*geometry* verbose mode - [ preamble ] result:
* driver: pdftex
* paper: <default>
* layout: <same size as paper>
* layoutoffset:(h,v)=(0.0pt,0.0pt)
* modes: 
* h-part:(L,W,R)=(72.26999pt, 469.75502pt, 72.26999pt)
* v-part:(T,H,B)=(72.26999pt, 650.43001pt, 72.26999pt)
* \paperwidth=614.295pt
* \paperheight=794.96999pt
* \textwidth=469.75502pt
* \textheight=650.43001pt
* \oddsidemargin=0.0pt
* \evensidemargin=0.0pt
* \topmargin=-37.0pt
* \headheight=12.0pt
* \headsep=25.0pt
* \topskip=10.0pt
* \footskip=30.0pt
* \marginparwidth=65.0pt
* \marginparsep=11.0pt
* \columnsep=10.0pt
* \skip\footins=9.0pt plus 4.0pt minus 2.0pt
* \hoffset=0.0pt
* \voffset=0.0pt
* \mag=1000
* \@twocolumnfalse
* \@twosidefalse
* \@mparswitchfalse
* \@reversemarginfalse
* (1in=72.27pt=25.4mm, 1cm=28.453pt)

LaTeX Font Info:    Trying to load font information for U+msa on input line 14.

(/usr/share/texlive/texmf-dist/tex/latex/amsfonts/umsa.fd
File: umsa.fd 2013/01/14 v3.01 AMS symbols A
)
LaTeX Font Info:    Trying to load font information for U+msb on input line 14.


(/usr/share/texlive/texmf-dist/tex/latex/amsfonts/umsb.fd
File: umsb.fd 2013/01/14 v3.01 AMS symbols B
)
Overfull \hbox (5.63971pt too wide) in paragraph at lines 18--19
\OT1/cmr/m/n/14.4 ory is the \OT1/cmr/bx/n/14.4 lin-ear-ity of ex-pec-ta-tion\O
T1/cmr/m/n/14.4 : for any ran-dom vari-ables $\OML/cmm/m/it/14.4 X[]; X[]; [] ;
 X[]$\OT1/cmr/m/n/14.4 , 
 []


Overfull \hbox (25.50566pt too wide) in paragraph at lines 27--29
\OT1/cmr/m/n/14.4 where $[](\OML/cmm/m/it/14.4 X; Y\OT1/cmr/m/n/14.4 ) = \U/msb
/m/n/14.4 E\OT1/cmr/m/n/14.4 [\OML/cmm/m/it/14.4 XY\OT1/cmr/m/n/14.4 ] \OMS/cms
y/m/n/14.4 ^^@ \U/msb/m/n/14.4 E\OT1/cmr/m/n/14.4 [\OML/cmm/m/it/14.4 X\OT1/cmr
/m/n/14.4 ]\U/msb/m/n/14.4 E\OT1/cmr/m/n/14.4 [\OML/cmm/m/it/14.4 Y\OT1/cmr/m/n
/14.4 ]$ is the co-vari-ance. Only when $[](\OML/cmm/m/it/14.4 X; Y\OT1/cmr/m/n
/14.4 ) =
 []

[1

{/var/lib/texmf/fonts/map/pdftex/updmap/pdftex.map}] [2] [3]
Overfull \hbox (27.25153pt too wide) in paragraph at lines 172--173
[]\OT1/cmr/m/n/14.4 Crucially, \OT1/cmr/bx/n/14.4 mu-tual in-for-ma-tion cap-tu
res \OT1/cmr/bx/it/14.4 any \OT1/cmr/bx/n/14.4 kind of de-pen-dence\OT1/cmr/m/n
/14.4 |linear,
 []

[4] [5]
Overfull \hbox (19.79074pt too wide) in paragraph at lines 236--237
[]\OT1/cmr/m/n/14.4 This is why mod-ern data sci-ence in-creas-ingly turns to \
OT1/cmr/bx/n/14.4 information-theoretic
 []

[6]
Overfull \hbox (163.53069pt too wide) detected at line 289
\OML/cmm/m/it/14.4 H\OT1/cmr/m/n/14.4 (\OML/cmm/m/it/14.4 X\OT1/cmr/m/n/14.4 ) 
= \OMS/cmsy/m/n/14.4 ^^@ [] \OT1/cmr/m/n/14.4 = \OMS/cmsy/m/n/14.4 ^^@ [] \OT1/
cmr/m/n/14.4 = \OMS/cmsy/m/n/14.4 ^^@ [] \OT1/cmr/m/n/14.4 = \OMS/cmsy/m/n/14.4
 ^^@\OT1/cmr/m/n/14.4 (\OMS/cmsy/m/n/14.4 ^^@\OT1/cmr/m/n/14.4 1\OML/cmm/m/it/1
4.4 :\OT1/cmr/m/n/14.4 5) = 1\OML/cmm/m/it/14.4 :\OT1/cmr/m/n/14.4 5[]
 []

[7]
Overfull \hbox (104.30196pt too wide) detected at line 341
\OML/cmm/m/it/14.4 H\OT1/cmr/m/n/14.4 (\OML/cmm/m/it/14.4 X \OMS/cmsy/m/n/14.4 
j \OML/cmm/m/it/14.4 Y\OT1/cmr/m/n/14.4 ) = \OML/cmm/m/it/14.4 P\OT1/cmr/m/n/14
.4 (\OML/cmm/m/it/14.4 Y \OT1/cmr/m/n/14.4 = +1)\OML/cmm/m/it/14.4 H\OT1/cmr/m/
n/14.4 (\OML/cmm/m/it/14.4 X \OMS/cmsy/m/n/14.4 j \OML/cmm/m/it/14.4 Y \OT1/cmr
/m/n/14.4 = +1) + \OML/cmm/m/it/14.4 P\OT1/cmr/m/n/14.4 (\OML/cmm/m/it/14.4 Y \
OT1/cmr/m/n/14.4 = \OMS/cmsy/m/n/14.4 ^^@\OT1/cmr/m/n/14.4 1)\OML/cmm/m/it/14.4
 H\OT1/cmr/m/n/14.4 (\OML/cmm/m/it/14.4 X \OMS/cmsy/m/n/14.4 j \OML/cmm/m/it/14
.4 Y \OT1/cmr/m/n/14.4 = \OMS/cmsy/m/n/14.4 ^^@\OT1/cmr/m/n/14.4 1) = [](1) + [
](0) = 0\OML/cmm/m/it/14.4 :\OT1/cmr/m/n/14.4 5[]
 []

[8] [9] [10] [11] [12]
Overfull \hbox (10.19788pt too wide) detected at line 596
[]
 []

[13] [14]
Overfull \hbox (22.62634pt too wide) in paragraph at lines 656--663
 [] 
 []


Overfull \hbox (368.72131pt too wide) detected at line 668
\OML/cmm/m/it/14.4 D[][]P\OT1/cmr/m/n/14.4 (\OML/cmm/m/it/14.4 X \OMS/cmsy/m/n/
14.4 j \OML/cmm/m/it/14.4 Y \OT1/cmr/m/n/14.4 = \OML/cmm/m/it/14.4 y\OT1/cmr/m/
n/14.4 ) \OMS/cmsy/m/n/14.4 k \OML/cmm/m/it/14.4 P\OT1/cmr/m/n/14.4 (\OML/cmm/m
/it/14.4 X\OT1/cmr/m/n/14.4 )[] = [][] \OML/cmm/m/it/14.4 n[] \OMS/cmsy/m/n/14.
4 ^^@ [][] \OT1/cmr/m/n/14.4 6 = [][] []  [] = [][] \OML/cmm/m/it/14.4 n[][]:
 []

[15]
Overfull \hbox (163.02039pt too wide) in paragraph at lines 689--698
 [] 
 []

[16] (./information.aux) ) 
Here is how much of TeX's memory you used:
 2350 strings out of 478287
 34499 string characters out of 5849289
 338457 words of memory out of 5000000
 20558 multiletter control sequences out of 15000+600000
 479416 words of font info for 67 fonts, out of 8000000 for 9000
 1141 hyphenation exceptions out of 8191
 55i,10n,62p,404b,218s stack positions out of 5000i,500n,10000p,200000b,80000s
{/usr/share/texmf/fonts/enc/dvips/cm-super/cm-super-t
s1.enc}</usr/share/texlive/texmf-dist/fonts/type1/public/amsfonts/cm/cmbx10.pfb
></usr/share/texlive/texmf-dist/fonts/type1/public/amsfonts/cm/cmbx12.pfb></usr
/share/texlive/texmf-dist/fonts/type1/public/amsfonts/cm/cmbxti10.pfb></usr/sha
re/texlive/texmf-dist/fonts/type1/public/amsfonts/cm/cmex10.pfb></usr/share/tex
live/texmf-dist/fonts/type1/public/amsfonts/cm/cmmi10.pfb></usr/share/texlive/t
exmf-dist/fonts/type1/public/amsfonts/cm/cmmi12.pfb></usr/share/texlive/texmf-d
ist/fonts/type1/public/amsfonts/cm/cmr10.pfb></usr/share/texlive/texmf-dist/fon
ts/type1/public/amsfonts/cm/cmr12.pfb></usr/share/texlive/texmf-dist/fonts/type
1/public/amsfonts/cm/cmr17.pfb></usr/share/texlive/texmf-dist/fonts/type1/publi
c/amsfonts/cm/cmsy10.pfb></usr/share/texlive/texmf-dist/fonts/type1/public/amsf
onts/cm/cmti12.pfb></usr/share/texlive/texmf-dist/fonts/type1/public/amsfonts/s
ymbols/msam10.pfb></usr/share/texlive/texmf-dist/fonts/type1/public/amsfonts/sy
mbols/msbm10.pfb></usr/share/texmf/fonts/type1/public/cm-super/sfrm1440.pfb>
Output written on information.pdf (16 pages, 197296 bytes).
PDF statistics:
 127 PDF objects out of 1000 (max. 8388607)
 80 compressed objects within 1 object stream
 0 named destinations out of 1000 (max. 500000)
 1 words of extra memory for PDF output out of 10000 (max. 10000000)

